#
# There is insufficient memory for the Java Runtime Environment to continue.
# Native memory allocation (malloc) failed to allocate 119536 bytes for Chunk::new
# Possible reasons:
#   The system is out of physical RAM or swap space
#   The process is running with CompressedOops enabled, and the Java Heap may be blocking the growth of the native heap
# Possible solutions:
#   Reduce memory load on the system
#   Increase physical memory or swap space
#   Check if swap backing store is full
#   Decrease Java heap size (-Xmx/-Xms)
#   Decrease number of Java threads
#   Decrease Java thread stack sizes (-Xss)
#   Set larger code cache with -XX:ReservedCodeCacheSize=
#   JVM is running with Unscaled Compressed Oops mode in which the Java heap is
#     placed in the first 4GB address space. The Java Heap base address is the
#     maximum limit for the native heap growth. Please use -XX:HeapBaseMinAddress
#     to set the Java Heap base and to place the Java Heap above 4GB virtual address.
# This output file may be truncated or incomplete.
#
#  Out of Memory Error (arena.cpp:189), pid=11344, tid=23900
#
# JRE version: Java(TM) SE Runtime Environment (17.0+35) (build 17+35-LTS-2724)
# Java VM: Java HotSpot(TM) 64-Bit Server VM (17+35-LTS-2724, mixed mode, tiered, compressed oops, compressed class ptrs, g1 gc, windows-amd64)
# No core dump will be written. Minidumps are not enabled by default on client versions of Windows
#

---------------  S U M M A R Y ------------

Command Line: -Dorg.gradle.internal.worker.tmpdir=D:\xmess\XMessMessagingService\build\tmp\test\work -Dorg.gradle.native=false --add-opens=java.base/java.util=ALL-UNNAMED --add-opens=java.base/java.lang=ALL-UNNAMED -Xmx512m -Dfile.encoding=windows-1251 -Duser.country=RU -Duser.language=ru -Duser.variant -ea worker.org.gradle.process.internal.worker.GradleWorkerMain 'Gradle Test Executor 28'

Host: AMD Ryzen 7 3700U with Radeon Vega Mobile Gfx  , 8 cores, 6G,  Windows 10 , 64 bit Build 22621 (10.0.22621.1)
Time: Fri Jul 22 21:17:42 2022 RTZ 2 (s 10 , 64 bit Build 22621 (10.0.22621.1) elapsed time: 0.655305 seconds (0d 0h 0m 0s)

---------------  T H R E A D  ---------------

Current thread (0x00000250021e51b0):  JavaThread "C2 CompilerThread0" daemon [_thread_in_native, id=23900, stack(0x000000c03ab00000,0x000000c03ac00000)]


Current CompileTask:
C2:    655  466       4       java.lang.StringLatin1::toLowerCase (186 bytes)

Stack: [0x000000c03ab00000,0x000000c03ac00000]
Native frames: (J=compiled Java code, j=interpreted, Vv=VM code, C=native code)
V  [jvm.dll+0x66f8ea]
V  [jvm.dll+0x7ce224]
V  [jvm.dll+0x7cf9ce]
V  [jvm.dll+0x7d0033]
V  [jvm.dll+0x242bb5]
V  [jvm.dll+0xaa05b]
V  [jvm.dll+0xaa5ec]
V  [jvm.dll+0x35f9a2]
V  [jvm.dll+0x329f61]
V  [jvm.dll+0x32940a]
V  [jvm.dll+0x215ca1]
V  [jvm.dll+0x2150c1]
V  [jvm.dll+0x1a168d]
V  [jvm.dll+0x2248f8]
V  [jvm.dll+0x222a5c]
V  [jvm.dll+0x78422b]
V  [jvm.dll+0x77e7ea]
V  [jvm.dll+0x66e715]
C  [ucrtbase.dll+0x29363]
C  [KERNEL32.DLL+0x1244d]
C  [ntdll.dll+0x5df88]


---------------  P R O C E S S  ---------------

Threads class SMR info:
_java_thread_list=0x0000025002f0fca0, length=12, elements={
0x0000025064408090, 0x00000250021c1260, 0x0000025002172fa0, 0x0000025002c12430,
0x0000025002c12cf0, 0x0000025002c135b0, 0x0000025002193a50, 0x00000250021e51b0,
0x00000250021edac0, 0x00000250021eeba0, 0x0000025002f54df0, 0x0000025002f552c0
}

Java Threads: ( => current thread )
  0x0000025064408090 JavaThread "main" [_thread_in_native, id=17628, stack(0x000000c039e00000,0x000000c039f00000)]
  0x00000250021c1260 JavaThread "Reference Handler" daemon [_thread_blocked, id=1576, stack(0x000000c03a500000,0x000000c03a600000)]
  0x0000025002172fa0 JavaThread "Finalizer" daemon [_thread_blocked, id=9248, stack(0x000000c03a600000,0x000000c03a700000)]
  0x0000025002c12430 JavaThread "Signal Dispatcher" daemon [_thread_blocked, id=17708, stack(0x000000c03a700000,0x000000c03a800000)]
  0x0000025002c12cf0 JavaThread "Attach Listener" daemon [_thread_blocked, id=22636, stack(0x000000c03a800000,0x000000c03a900000)]
  0x0000025002c135b0 JavaThread "Service Thread" daemon [_thread_blocked, id=8324, stack(0x000000c03a900000,0x000000c03aa00000)]
  0x0000025002193a50 JavaThread "Monitor Deflation Thread" daemon [_thread_blocked, id=18696, stack(0x000000c03aa00000,0x000000c03ab00000)]
=>0x00000250021e51b0 JavaThread "C2 CompilerThread0" daemon [_thread_in_native, id=23900, stack(0x000000c03ab00000,0x000000c03ac00000)]
  0x00000250021edac0 JavaThread "C1 CompilerThread0" daemon [_thread_blocked, id=10432, stack(0x000000c03ac00000,0x000000c03ad00000)]
  0x00000250021eeba0 JavaThread "Sweeper thread" daemon [_thread_blocked, id=23752, stack(0x000000c03ad00000,0x000000c03ae00000)]
  0x0000025002f54df0 JavaThread "Common-Cleaner" daemon [_thread_blocked, id=16780, stack(0x000000c03ae00000,0x000000c03af00000)]
  0x0000025002f552c0 JavaThread "Notification Thread" daemon [_thread_blocked, id=20160, stack(0x000000c03af00000,0x000000c03b000000)]

Other Threads:
  0x00000250021acd80 VMThread "VM Thread" [stack: 0x000000c03a400000,0x000000c03a500000] [id=23372]
  0x000002506444a5e0 WatcherThread [stack: 0x000000c03b000000,0x000000c03b100000] [id=23608]
  0x000002506442e820 GCTaskThread "GC Thread#0" [stack: 0x000000c039f00000,0x000000c03a000000] [id=1984]
  0x00000250644336d0 ConcurrentGCThread "G1 Main Marker" [stack: 0x000000c03a000000,0x000000c03a100000] [id=13588]
  0x0000025064435540 ConcurrentGCThread "G1 Conc#0" [stack: 0x000000c03a100000,0x000000c03a200000] [id=6376]
  0x00000250644ab900 ConcurrentGCThread "G1 Refine#0" [stack: 0x000000c03a200000,0x000000c03a300000] [id=12432]
  0x00000250644abfd0 ConcurrentGCThread "G1 Service" [stack: 0x000000c03a300000,0x000000c03a400000] [id=19848]

Threads with active compile tasks:
C2 CompilerThread0      699  466       4       java.lang.StringLatin1::toLowerCase (186 bytes)

VM state: not at safepoint (normal execution)

VM Mutex/Monitor currently owned by a thread: None

Heap address: 0x00000000e0000000, size: 512 MB, Compressed Oops mode: 32-bit

CDS archive(s) not mapped
Compressed class space mapped at: 0x0000000100000000-0x0000000140000000, reserved size: 1073741824
Narrow klass base: 0x0000000000000000, Narrow klass shift: 3, Narrow klass range: 0x140000000

GC Precious Log:
 CPUs: 8 total, 8 available
 Memory: 7103M
 Large Page Support: Disabled
 NUMA Support: Disabled
 Compressed Oops: Enabled (32-bit)
 Heap Region Size: 1M
 Heap Min Capacity: 8M
 Heap Initial Capacity: 112M
 Heap Max Capacity: 512M
 Pre-touch: Disabled
 Parallel Workers: 8
 Concurrent Workers: 2
 Concurrent Refinement Workers: 8
 Periodic GC: Disabled

Heap:
 garbage-first heap   total 114688K, used 12288K [0x00000000e0000000, 0x0000000100000000)
  region size 1024K, 14 young (14336K), 0 survivors (0K)
 Metaspace       used 8249K, committed 8384K, reserved 1056768K
  class space    used 769K, committed 832K, reserved 1048576K

Heap Regions: E=young(eden), S=young(survivor), O=old, HS=humongous(starts), HC=humongous(continues), CS=collection set, F=free, OA=open archive, CA=closed archive, TAMS=top-at-mark-start (previous, next)
|   0|0x00000000e0000000, 0x00000000e0000000, 0x00000000e0100000|  0%| F|  |TAMS 0x00000000e0000000, 0x00000000e0000000| Untracked 
|   1|0x00000000e0100000, 0x00000000e0100000, 0x00000000e0200000|  0%| F|  |TAMS 0x00000000e0100000, 0x00000000e0100000| Untracked 
|   2|0x00000000e0200000, 0x00000000e0200000, 0x00000000e0300000|  0%| F|  |TAMS 0x00000000e0200000, 0x00000000e0200000| Untracked 
|   3|0x00000000e0300000, 0x00000000e0300000, 0x00000000e0400000|  0%| F|  |TAMS 0x00000000e0300000, 0x00000000e0300000| Untracked 
|   4|0x00000000e0400000, 0x00000000e0400000, 0x00000000e0500000|  0%| F|  |TAMS 0x00000000e0400000, 0x00000000e0400000| Untracked 
|   5|0x00000000e0500000, 0x00000000e0500000, 0x00000000e0600000|  0%| F|  |TAMS 0x00000000e0500000, 0x00000000e0500000| Untracked 
|   6|0x00000000e0600000, 0x00000000e0600000, 0x00000000e0700000|  0%| F|  |TAMS 0x00000000e0600000, 0x00000000e0600000| Untracked 
|   7|0x00000000e0700000, 0x00000000e0700000, 0x00000000e0800000|  0%| F|  |TAMS 0x00000000e0700000, 0x00000000e0700000| Untracked 
|   8|0x00000000e0800000, 0x00000000e0800000, 0x00000000e0900000|  0%| F|  |TAMS 0x00000000e0800000, 0x00000000e0800000| Untracked 
|   9|0x00000000e0900000, 0x00000000e0900000, 0x00000000e0a00000|  0%| F|  |TAMS 0x00000000e0900000, 0x00000000e0900000| Untracked 
|  10|0x00000000e0a00000, 0x00000000e0a00000, 0x00000000e0b00000|  0%| F|  |TAMS 0x00000000e0a00000, 0x00000000e0a00000| Untracked 
|  11|0x00000000e0b00000, 0x00000000e0b00000, 0x00000000e0c00000|  0%| F|  |TAMS 0x00000000e0b00000, 0x00000000e0b00000| Untracked 
|  12|0x00000000e0c00000, 0x00000000e0c00000, 0x00000000e0d00000|  0%| F|  |TAMS 0x00000000e0c00000, 0x00000000e0c00000| Untracked 
|  13|0x00000000e0d00000, 0x00000000e0d00000, 0x00000000e0e00000|  0%| F|  |TAMS 0x00000000e0d00000, 0x00000000e0d00000| Untracked 
|  14|0x00000000e0e00000, 0x00000000e0e00000, 0x00000000e0f00000|  0%| F|  |TAMS 0x00000000e0e00000, 0x00000000e0e00000| Untracked 
|  15|0x00000000e0f00000, 0x00000000e0f00000, 0x00000000e1000000|  0%| F|  |TAMS 0x00000000e0f00000, 0x00000000e0f00000| Untracked 
|  16|0x00000000e1000000, 0x00000000e1000000, 0x00000000e1100000|  0%| F|  |TAMS 0x00000000e1000000, 0x00000000e1000000| Untracked 
|  17|0x00000000e1100000, 0x00000000e1100000, 0x00000000e1200000|  0%| F|  |TAMS 0x00000000e1100000, 0x00000000e1100000| Untracked 
|  18|0x00000000e1200000, 0x00000000e1200000, 0x00000000e1300000|  0%| F|  |TAMS 0x00000000e1200000, 0x00000000e1200000| Untracked 
|  19|0x00000000e1300000, 0x00000000e1300000, 0x00000000e1400000|  0%| F|  |TAMS 0x00000000e1300000, 0x00000000e1300000| Untracked 
|  20|0x00000000e1400000, 0x00000000e1400000, 0x00000000e1500000|  0%| F|  |TAMS 0x00000000e1400000, 0x00000000e1400000| Untracked 
|  21|0x00000000e1500000, 0x00000000e1500000, 0x00000000e1600000|  0%| F|  |TAMS 0x00000000e1500000, 0x00000000e1500000| Untracked 
|  22|0x00000000e1600000, 0x00000000e1600000, 0x00000000e1700000|  0%| F|  |TAMS 0x00000000e1600000, 0x00000000e1600000| Untracked 
|  23|0x00000000e1700000, 0x00000000e1700000, 0x00000000e1800000|  0%| F|  |TAMS 0x00000000e1700000, 0x00000000e1700000| Untracked 
|  24|0x00000000e1800000, 0x00000000e1800000, 0x00000000e1900000|  0%| F|  |TAMS 0x00000000e1800000, 0x00000000e1800000| Untracked 
|  25|0x00000000e1900000, 0x00000000e1900000, 0x00000000e1a00000|  0%| F|  |TAMS 0x00000000e1900000, 0x00000000e1900000| Untracked 
|  26|0x00000000e1a00000, 0x00000000e1a00000, 0x00000000e1b00000|  0%| F|  |TAMS 0x00000000e1a00000, 0x00000000e1a00000| Untracked 
|  27|0x00000000e1b00000, 0x00000000e1b00000, 0x00000000e1c00000|  0%| F|  |TAMS 0x00000000e1b00000, 0x00000000e1b00000| Untracked 
|  28|0x00000000e1c00000, 0x00000000e1c00000, 0x00000000e1d00000|  0%| F|  |TAMS 0x00000000e1c00000, 0x00000000e1c00000| Untracked 
|  29|0x00000000e1d00000, 0x00000000e1d00000, 0x00000000e1e00000|  0%| F|  |TAMS 0x00000000e1d00000, 0x00000000e1d00000| Untracked 
|  30|0x00000000e1e00000, 0x00000000e1e00000, 0x00000000e1f00000|  0%| F|  |TAMS 0x00000000e1e00000, 0x00000000e1e00000| Untracked 
|  31|0x00000000e1f00000, 0x00000000e1f00000, 0x00000000e2000000|  0%| F|  |TAMS 0x00000000e1f00000, 0x00000000e1f00000| Untracked 
|  32|0x00000000e2000000, 0x00000000e2000000, 0x00000000e2100000|  0%| F|  |TAMS 0x00000000e2000000, 0x00000000e2000000| Untracked 
|  33|0x00000000e2100000, 0x00000000e2100000, 0x00000000e2200000|  0%| F|  |TAMS 0x00000000e2100000, 0x00000000e2100000| Untracked 
|  34|0x00000000e2200000, 0x00000000e2200000, 0x00000000e2300000|  0%| F|  |TAMS 0x00000000e2200000, 0x00000000e2200000| Untracked 
|  35|0x00000000e2300000, 0x00000000e2300000, 0x00000000e2400000|  0%| F|  |TAMS 0x00000000e2300000, 0x00000000e2300000| Untracked 
|  36|0x00000000e2400000, 0x00000000e2400000, 0x00000000e2500000|  0%| F|  |TAMS 0x00000000e2400000, 0x00000000e2400000| Untracked 
|  37|0x00000000e2500000, 0x00000000e2500000, 0x00000000e2600000|  0%| F|  |TAMS 0x00000000e2500000, 0x00000000e2500000| Untracked 
|  38|0x00000000e2600000, 0x00000000e2600000, 0x00000000e2700000|  0%| F|  |TAMS 0x00000000e2600000, 0x00000000e2600000| Untracked 
|  39|0x00000000e2700000, 0x00000000e2700000, 0x00000000e2800000|  0%| F|  |TAMS 0x00000000e2700000, 0x00000000e2700000| Untracked 
|  40|0x00000000e2800000, 0x00000000e2800000, 0x00000000e2900000|  0%| F|  |TAMS 0x00000000e2800000, 0x00000000e2800000| Untracked 
|  41|0x00000000e2900000, 0x00000000e2900000, 0x00000000e2a00000|  0%| F|  |TAMS 0x00000000e2900000, 0x00000000e2900000| Untracked 
|  42|0x00000000e2a00000, 0x00000000e2a00000, 0x00000000e2b00000|  0%| F|  |TAMS 0x00000000e2a00000, 0x00000000e2a00000| Untracked 
|  43|0x00000000e2b00000, 0x00000000e2b00000, 0x00000000e2c00000|  0%| F|  |TAMS 0x00000000e2b00000, 0x00000000e2b00000| Untracked 
|  44|0x00000000e2c00000, 0x00000000e2c00000, 0x00000000e2d00000|  0%| F|  |TAMS 0x00000000e2c00000, 0x00000000e2c00000| Untracked 
|  45|0x00000000e2d00000, 0x00000000e2d00000, 0x00000000e2e00000|  0%| F|  |TAMS 0x00000000e2d00000, 0x00000000e2d00000| Untracked 
|  46|0x00000000e2e00000, 0x00000000e2e00000, 0x00000000e2f00000|  0%| F|  |TAMS 0x00000000e2e00000, 0x00000000e2e00000| Untracked 
|  47|0x00000000e2f00000, 0x00000000e2f00000, 0x00000000e3000000|  0%| F|  |TAMS 0x00000000e2f00000, 0x00000000e2f00000| Untracked 
|  48|0x00000000e3000000, 0x00000000e3000000, 0x00000000e3100000|  0%| F|  |TAMS 0x00000000e3000000, 0x00000000e3000000| Untracked 
|  49|0x00000000e3100000, 0x00000000e3100000, 0x00000000e3200000|  0%| F|  |TAMS 0x00000000e3100000, 0x00000000e3100000| Untracked 
|  50|0x00000000e3200000, 0x00000000e3200000, 0x00000000e3300000|  0%| F|  |TAMS 0x00000000e3200000, 0x00000000e3200000| Untracked 
|  51|0x00000000e3300000, 0x00000000e3300000, 0x00000000e3400000|  0%| F|  |TAMS 0x00000000e3300000, 0x00000000e3300000| Untracked 
|  52|0x00000000e3400000, 0x00000000e3400000, 0x00000000e3500000|  0%| F|  |TAMS 0x00000000e3400000, 0x00000000e3400000| Untracked 
|  53|0x00000000e3500000, 0x00000000e3500000, 0x00000000e3600000|  0%| F|  |TAMS 0x00000000e3500000, 0x00000000e3500000| Untracked 
|  54|0x00000000e3600000, 0x00000000e3600000, 0x00000000e3700000|  0%| F|  |TAMS 0x00000000e3600000, 0x00000000e3600000| Untracked 
|  55|0x00000000e3700000, 0x00000000e3700000, 0x00000000e3800000|  0%| F|  |TAMS 0x00000000e3700000, 0x00000000e3700000| Untracked 
|  56|0x00000000e3800000, 0x00000000e3800000, 0x00000000e3900000|  0%| F|  |TAMS 0x00000000e3800000, 0x00000000e3800000| Untracked 
|  57|0x00000000e3900000, 0x00000000e3900000, 0x00000000e3a00000|  0%| F|  |TAMS 0x00000000e3900000, 0x00000000e3900000| Untracked 
|  58|0x00000000e3a00000, 0x00000000e3a00000, 0x00000000e3b00000|  0%| F|  |TAMS 0x00000000e3a00000, 0x00000000e3a00000| Untracked 
|  59|0x00000000e3b00000, 0x00000000e3b00000, 0x00000000e3c00000|  0%| F|  |TAMS 0x00000000e3b00000, 0x00000000e3b00000| Untracked 
|  60|0x00000000e3c00000, 0x00000000e3c00000, 0x00000000e3d00000|  0%| F|  |TAMS 0x00000000e3c00000, 0x00000000e3c00000| Untracked 
|  61|0x00000000e3d00000, 0x00000000e3d00000, 0x00000000e3e00000|  0%| F|  |TAMS 0x00000000e3d00000, 0x00000000e3d00000| Untracked 
|  62|0x00000000e3e00000, 0x00000000e3e00000, 0x00000000e3f00000|  0%| F|  |TAMS 0x00000000e3e00000, 0x00000000e3e00000| Untracked 
|  63|0x00000000e3f00000, 0x00000000e3f00000, 0x00000000e4000000|  0%| F|  |TAMS 0x00000000e3f00000, 0x00000000e3f00000| Untracked 
|  64|0x00000000e4000000, 0x00000000e4000000, 0x00000000e4100000|  0%| F|  |TAMS 0x00000000e4000000, 0x00000000e4000000| Untracked 
|  65|0x00000000e4100000, 0x00000000e4100000, 0x00000000e4200000|  0%| F|  |TAMS 0x00000000e4100000, 0x00000000e4100000| Untracked 
|  66|0x00000000e4200000, 0x00000000e4200000, 0x00000000e4300000|  0%| F|  |TAMS 0x00000000e4200000, 0x00000000e4200000| Untracked 
|  67|0x00000000e4300000, 0x00000000e4300000, 0x00000000e4400000|  0%| F|  |TAMS 0x00000000e4300000, 0x00000000e4300000| Untracked 
|  68|0x00000000e4400000, 0x00000000e4400000, 0x00000000e4500000|  0%| F|  |TAMS 0x00000000e4400000, 0x00000000e4400000| Untracked 
|  69|0x00000000e4500000, 0x00000000e4500000, 0x00000000e4600000|  0%| F|  |TAMS 0x00000000e4500000, 0x00000000e4500000| Untracked 
|  70|0x00000000e4600000, 0x00000000e4600000, 0x00000000e4700000|  0%| F|  |TAMS 0x00000000e4600000, 0x00000000e4600000| Untracked 
|  71|0x00000000e4700000, 0x00000000e4700000, 0x00000000e4800000|  0%| F|  |TAMS 0x00000000e4700000, 0x00000000e4700000| Untracked 
|  72|0x00000000e4800000, 0x00000000e4800000, 0x00000000e4900000|  0%| F|  |TAMS 0x00000000e4800000, 0x00000000e4800000| Untracked 
|  73|0x00000000e4900000, 0x00000000e4900000, 0x00000000e4a00000|  0%| F|  |TAMS 0x00000000e4900000, 0x00000000e4900000| Untracked 
|  74|0x00000000e4a00000, 0x00000000e4a00000, 0x00000000e4b00000|  0%| F|  |TAMS 0x00000000e4a00000, 0x00000000e4a00000| Untracked 
|  75|0x00000000e4b00000, 0x00000000e4b00000, 0x00000000e4c00000|  0%| F|  |TAMS 0x00000000e4b00000, 0x00000000e4b00000| Untracked 
|  76|0x00000000e4c00000, 0x00000000e4c00000, 0x00000000e4d00000|  0%| F|  |TAMS 0x00000000e4c00000, 0x00000000e4c00000| Untracked 
|  77|0x00000000e4d00000, 0x00000000e4d00000, 0x00000000e4e00000|  0%| F|  |TAMS 0x00000000e4d00000, 0x00000000e4d00000| Untracked 
|  78|0x00000000e4e00000, 0x00000000e4e00000, 0x00000000e4f00000|  0%| F|  |TAMS 0x00000000e4e00000, 0x00000000e4e00000| Untracked 
|  79|0x00000000e4f00000, 0x00000000e4f00000, 0x00000000e5000000|  0%| F|  |TAMS 0x00000000e4f00000, 0x00000000e4f00000| Untracked 
|  80|0x00000000e5000000, 0x00000000e5000000, 0x00000000e5100000|  0%| F|  |TAMS 0x00000000e5000000, 0x00000000e5000000| Untracked 
|  81|0x00000000e5100000, 0x00000000e5100000, 0x00000000e5200000|  0%| F|  |TAMS 0x00000000e5100000, 0x00000000e5100000| Untracked 
|  82|0x00000000e5200000, 0x00000000e5200000, 0x00000000e5300000|  0%| F|  |TAMS 0x00000000e5200000, 0x00000000e5200000| Untracked 
|  83|0x00000000e5300000, 0x00000000e5300000, 0x00000000e5400000|  0%| F|  |TAMS 0x00000000e5300000, 0x00000000e5300000| Untracked 
|  84|0x00000000e5400000, 0x00000000e5400000, 0x00000000e5500000|  0%| F|  |TAMS 0x00000000e5400000, 0x00000000e5400000| Untracked 
|  85|0x00000000e5500000, 0x00000000e5500000, 0x00000000e5600000|  0%| F|  |TAMS 0x00000000e5500000, 0x00000000e5500000| Untracked 
|  86|0x00000000e5600000, 0x00000000e5600000, 0x00000000e5700000|  0%| F|  |TAMS 0x00000000e5600000, 0x00000000e5600000| Untracked 
|  87|0x00000000e5700000, 0x00000000e5700000, 0x00000000e5800000|  0%| F|  |TAMS 0x00000000e5700000, 0x00000000e5700000| Untracked 
|  88|0x00000000e5800000, 0x00000000e5800000, 0x00000000e5900000|  0%| F|  |TAMS 0x00000000e5800000, 0x00000000e5800000| Untracked 
|  89|0x00000000e5900000, 0x00000000e5900000, 0x00000000e5a00000|  0%| F|  |TAMS 0x00000000e5900000, 0x00000000e5900000| Untracked 
|  90|0x00000000e5a00000, 0x00000000e5a00000, 0x00000000e5b00000|  0%| F|  |TAMS 0x00000000e5a00000, 0x00000000e5a00000| Untracked 
|  91|0x00000000e5b00000, 0x00000000e5b00000, 0x00000000e5c00000|  0%| F|  |TAMS 0x00000000e5b00000, 0x00000000e5b00000| Untracked 
|  92|0x00000000e5c00000, 0x00000000e5c00000, 0x00000000e5d00000|  0%| F|  |TAMS 0x00000000e5c00000, 0x00000000e5c00000| Untracked 
|  93|0x00000000e5d00000, 0x00000000e5d00000, 0x00000000e5e00000|  0%| F|  |TAMS 0x00000000e5d00000, 0x00000000e5d00000| Untracked 
|  94|0x00000000e5e00000, 0x00000000e5e00000, 0x00000000e5f00000|  0%| F|  |TAMS 0x00000000e5e00000, 0x00000000e5e00000| Untracked 
|  95|0x00000000e5f00000, 0x00000000e5f00000, 0x00000000e6000000|  0%| F|  |TAMS 0x00000000e5f00000, 0x00000000e5f00000| Untracked 
|  96|0x00000000e6000000, 0x00000000e6000000, 0x00000000e6100000|  0%| F|  |TAMS 0x00000000e6000000, 0x00000000e6000000| Untracked 
|  97|0x00000000e6100000, 0x00000000e6100000, 0x00000000e6200000|  0%| F|  |TAMS 0x00000000e6100000, 0x00000000e6100000| Untracked 
|  98|0x00000000e6200000, 0x00000000e6291288, 0x00000000e6300000| 56%| E|  |TAMS 0x00000000e6200000, 0x00000000e6200000| Complete 
|  99|0x00000000e6300000, 0x00000000e6400000, 0x00000000e6400000|100%| E|  |TAMS 0x00000000e6300000, 0x00000000e6300000| Complete 
| 100|0x00000000e6400000, 0x00000000e6500000, 0x00000000e6500000|100%| E|CS|TAMS 0x00000000e6400000, 0x00000000e6400000| Complete 
| 101|0x00000000e6500000, 0x00000000e6600000, 0x00000000e6600000|100%| E|CS|TAMS 0x00000000e6500000, 0x00000000e6500000| Complete 
| 102|0x00000000e6600000, 0x00000000e6700000, 0x00000000e6700000|100%| E|CS|TAMS 0x00000000e6600000, 0x00000000e6600000| Complete 
| 103|0x00000000e6700000, 0x00000000e6800000, 0x00000000e6800000|100%| E|CS|TAMS 0x00000000e6700000, 0x00000000e6700000| Complete 
| 104|0x00000000e6800000, 0x00000000e6900000, 0x00000000e6900000|100%| E|CS|TAMS 0x00000000e6800000, 0x00000000e6800000| Complete 
| 105|0x00000000e6900000, 0x00000000e6a00000, 0x00000000e6a00000|100%| E|CS|TAMS 0x00000000e6900000, 0x00000000e6900000| Complete 
| 106|0x00000000e6a00000, 0x00000000e6b00000, 0x00000000e6b00000|100%| E|CS|TAMS 0x00000000e6a00000, 0x00000000e6a00000| Complete 
| 107|0x00000000e6b00000, 0x00000000e6c00000, 0x00000000e6c00000|100%| E|CS|TAMS 0x00000000e6b00000, 0x00000000e6b00000| Complete 
| 108|0x00000000e6c00000, 0x00000000e6d00000, 0x00000000e6d00000|100%| E|CS|TAMS 0x00000000e6c00000, 0x00000000e6c00000| Complete 
| 109|0x00000000e6d00000, 0x00000000e6e00000, 0x00000000e6e00000|100%| E|CS|TAMS 0x00000000e6d00000, 0x00000000e6d00000| Complete 
| 110|0x00000000e6e00000, 0x00000000e6f00000, 0x00000000e6f00000|100%| E|CS|TAMS 0x00000000e6e00000, 0x00000000e6e00000| Complete 
| 111|0x00000000e6f00000, 0x00000000e7000000, 0x00000000e7000000|100%| E|CS|TAMS 0x00000000e6f00000, 0x00000000e6f00000| Complete 

Card table byte_map: [0x000002507cf40000,0x000002507d040000] _byte_map_base: 0x000002507c840000

Marking Bits (Prev, Next): (CMBitMap*) 0x000002506442ec40, (CMBitMap*) 0x000002506442ec80
 Prev Bits: [0x000002507d140000, 0x000002507d940000)
 Next Bits: [0x000002507d940000, 0x000002507e140000)

Polling page: 0x00000250644c0000

Metaspace:

Usage:
  Non-class:      7.32 MB used.
      Class:    772.68 KB used.
       Both:      8.08 MB used.

Virtual space:
  Non-class space:        8.00 MB reserved,       7.38 MB ( 92%) committed,  1 nodes.
      Class space:        1.00 GB reserved,     832.00 KB ( <1%) committed,  1 nodes.
             Both:        1.01 GB reserved,       8.19 MB ( <1%) committed. 

Chunk freelists:
   Non-Class:  222.00 KB
       Class:  3.14 MB
        Both:  3.36 MB

MaxMetaspaceSize: unlimited
CompressedClassSpaceSize: 1.00 GB
Initial GC threshold: 21.00 MB
Current GC threshold: 21.00 MB
CDS: off
MetaspaceReclaimPolicy: balanced
 - commit_granule_bytes: 65536.
 - commit_granule_words: 8192.
 - virtual_space_node_default_size: 1048576.
 - enlarge_chunks_in_place: 1.
 - new_chunks_are_fully_committed: 0.
 - uncommit_free_chunks: 1.
 - use_allocation_guard: 0.
 - handle_deallocations: 1.


Internal statistics:

num_allocs_failed_limit: 0.
num_arena_births: 12.
num_arena_deaths: 0.
num_vsnodes_births: 2.
num_vsnodes_deaths: 0.
num_space_committed: 131.
num_space_uncommitted: 0.
num_chunks_returned_to_freelist: 0.
num_chunks_taken_from_freelist: 54.
num_chunk_merges: 0.
num_chunk_splits: 31.
num_chunks_enlarged: 25.
num_purges: 0.
num_inconsistent_stats: 0.

CodeHeap 'non-profiled nmethods': size=120000Kb used=134Kb max_used=134Kb free=119865Kb
 bounds [0x0000025074e90000, 0x0000025075100000, 0x000002507c3c0000]
CodeHeap 'profiled nmethods': size=120000Kb used=861Kb max_used=861Kb free=119139Kb
 bounds [0x000002506d960000, 0x000002506dbd0000, 0x0000025074e90000]
CodeHeap 'non-nmethods': size=5760Kb used=1113Kb max_used=1129Kb free=4647Kb
 bounds [0x000002506d3c0000, 0x000002506d630000, 0x000002506d960000]
 total_blobs=882 nmethods=491 adapters=304
 compilation: enabled
              stopped_count=0, restarted_count=0
 full_count=0

Compilation events (20 events):
Event: 0.637 Thread 0x00000250021edac0 nmethod 469 0x000002506da1ed10 code [0x000002506da1eec0, 0x000002506da1f0e8]
Event: 0.637 Thread 0x00000250021edac0  470       3       java.net.URL::toExternalForm (9 bytes)
Event: 0.637 Thread 0x00000250021edac0 nmethod 470 0x000002506da1f210 code [0x000002506da1f3c0, 0x000002506da1f588]
Event: 0.637 Thread 0x00000250021edac0  471       3       java.io.FileSystem::hasBooleanAttributes (17 bytes)
Event: 0.637 Thread 0x00000250021edac0 nmethod 471 0x000002506da1f690 code [0x000002506da1f840, 0x000002506da1f9e8]
Event: 0.638 Thread 0x00000250021edac0  472       3       sun.nio.fs.WindowsPathParser::normalize (233 bytes)
Event: 0.641 Thread 0x00000250021edac0 nmethod 472 0x000002506da1fa90 code [0x000002506da20060, 0x000002506da22c68]
Event: 0.642 Thread 0x00000250021edac0  473       3       java.security.AccessController::checkContext (49 bytes)
Event: 0.642 Thread 0x00000250021e51b0 nmethod 456% 0x0000025074eafa10 code [0x0000025074eafbc0, 0x0000025074eb03f8]
Event: 0.642 Thread 0x00000250021e51b0  467       4       java.lang.StringCoding::hasNegatives (25 bytes)
Event: 0.642 Thread 0x00000250021edac0 nmethod 473 0x000002506da23d90 code [0x000002506da23fa0, 0x000002506da24698]
Event: 0.645 Thread 0x00000250021e51b0 nmethod 467 0x0000025074eb0910 code [0x0000025074eb0a80, 0x0000025074eb0c78]
Event: 0.645 Thread 0x00000250021e51b0  466       4       java.lang.StringLatin1::toLowerCase (186 bytes)
Event: 0.645 Thread 0x00000250021edac0  474       3       java.util.zip.ZipCoder$UTF8ZipCoder::hasTrailingSlash (20 bytes)
Event: 0.645 Thread 0x00000250021edac0 nmethod 474 0x000002506da24910 code [0x000002506da24aa0, 0x000002506da24c78]
Event: 0.647 Thread 0x00000250021edac0  476       3       java.net.URL::<init> (438 bytes)
Event: 0.652 Thread 0x00000250021edac0 nmethod 476 0x000002506da24d90 code [0x000002506da255a0, 0x000002506da29668]
Event: 0.652 Thread 0x00000250021edac0  480       3       java.util.LinkedHashMap::afterNodeInsertion (40 bytes)
Event: 0.652 Thread 0x00000250021edac0 nmethod 480 0x000002506da2ac90 code [0x000002506da2ae40, 0x000002506da2b038]
Event: 0.652 Thread 0x00000250021edac0  477       3       sun.net.util.IPAddressUtil::checkExternalForm (69 bytes)

GC Heap History (0 events):
No events

Deoptimization events (20 events):
Event: 0.266 Thread 0x0000025064408090 DEOPT PACKING pc=0x000002506d96c2e7 sp=0x000000c039efe1a0
Event: 0.266 Thread 0x0000025064408090 DEOPT UNPACKING pc=0x000002506d412b43 sp=0x000000c039efd5c0 mode 0
Event: 0.287 Thread 0x0000025064408090 DEOPT PACKING pc=0x000002506d9690d1 sp=0x000000c039efe160
Event: 0.287 Thread 0x0000025064408090 DEOPT UNPACKING pc=0x000002506d412b43 sp=0x000000c039efd5d8 mode 0
Event: 0.321 Thread 0x0000025064408090 Uncommon trap: trap_request=0xffffff45 fr.pc=0x0000025074e94184 relative=0x0000000000000184
Event: 0.321 Thread 0x0000025064408090 Uncommon trap: reason=unstable_if action=reinterpret pc=0x0000025074e94184 method=java.lang.StringLatin1.indexOfChar([BIII)I @ 19 c2
Event: 0.321 Thread 0x0000025064408090 DEOPT PACKING pc=0x0000025074e94184 sp=0x000000c039efedc0
Event: 0.321 Thread 0x0000025064408090 DEOPT UNPACKING pc=0x000002506d4123a3 sp=0x000000c039efed38 mode 2
Event: 0.352 Thread 0x0000025064408090 Uncommon trap: trap_request=0xffffff45 fr.pc=0x0000025074e91674 relative=0x0000000000000074
Event: 0.352 Thread 0x0000025064408090 Uncommon trap: reason=unstable_if action=reinterpret pc=0x0000025074e91674 method=java.lang.String.isLatin1()Z @ 10 c2
Event: 0.352 Thread 0x0000025064408090 DEOPT PACKING pc=0x0000025074e91674 sp=0x000000c039efe280
Event: 0.352 Thread 0x0000025064408090 DEOPT UNPACKING pc=0x000002506d4123a3 sp=0x000000c039efe1c0 mode 2
Event: 0.367 Thread 0x0000025064408090 DEOPT PACKING pc=0x000002506d98acd1 sp=0x000000c039efc060
Event: 0.367 Thread 0x0000025064408090 DEOPT UNPACKING pc=0x000002506d412b43 sp=0x000000c039efb4d8 mode 0
Event: 0.391 Thread 0x0000025064408090 DEOPT PACKING pc=0x000002506d98acd1 sp=0x000000c039efa270
Event: 0.391 Thread 0x0000025064408090 DEOPT UNPACKING pc=0x000002506d412b43 sp=0x000000c039ef96e8 mode 0
Event: 0.631 Thread 0x0000025064408090 DEOPT PACKING pc=0x000002506d9ff254 sp=0x000000c039efc290
Event: 0.631 Thread 0x0000025064408090 DEOPT UNPACKING pc=0x000002506d412b43 sp=0x000000c039efb740 mode 0
Event: 0.636 Thread 0x0000025064408090 DEOPT PACKING pc=0x000002506d9aba56 sp=0x000000c039efc250
Event: 0.636 Thread 0x0000025064408090 DEOPT UNPACKING pc=0x000002506d412b43 sp=0x000000c039efb6d8 mode 0

Classes unloaded (0 events):
No events

Classes redefined (0 events):
No events

Internal exceptions (1 events):
Event: 0.408 Thread 0x0000025064408090 Exception <a 'java/lang/NoSuchMethodError'{0x00000000e6d596c0}: 'void java.lang.invoke.DirectMethodHandle$Holder.invokeInterface(java.lang.Object, java.lang.Object, java.lang.Object)'> (0x00000000e6d596c0) 
thrown [t:\workspace\open\src\hotspot\share\interpreter\linkResolver.cpp, line 766]

VM Operations (2 events):
Event: 0.419 Executing VM operation: HandshakeAllThreads
Event: 0.419 Executing VM operation: HandshakeAllThreads done

Events (20 events):
Event: 0.561 loading class java/util/ServiceLoader$LazyClassPathLookupIterator
Event: 0.561 loading class java/util/ServiceLoader$LazyClassPathLookupIterator done
Event: 0.561 loading class java/util/ServiceLoader$2
Event: 0.561 loading class java/util/ServiceLoader$2 done
Event: 0.561 loading class java/util/ServiceLoader$3
Event: 0.561 loading class java/util/ServiceLoader$3 done
Event: 0.562 loading class jdk/internal/loader/URLClassPath$FileLoader
Event: 0.562 loading class jdk/internal/loader/URLClassPath$FileLoader done
Event: 0.563 loading class java/io/FileNotFoundException
Event: 0.563 loading class java/io/FileNotFoundException done
Event: 0.563 loading class java/security/PrivilegedActionException
Event: 0.563 loading class java/security/PrivilegedActionException done
Event: 0.578 loading class java/util/jar/JarVerifier
Event: 0.578 loading class java/util/jar/JarVerifier done
Event: 0.578 loading class java/security/CodeSigner
Event: 0.578 loading class java/security/CodeSigner done
Event: 0.578 loading class java/io/ByteArrayOutputStream
Event: 0.578 loading class java/io/ByteArrayOutputStream done
Event: 0.578 loading class java/util/StringTokenizer
Event: 0.579 loading class java/util/StringTokenizer done


Dynamic libraries:
0x00007ff62c4c0000 - 0x00007ff62c4d0000 	C:\Program Files\Java\jdk-17\bin\java.exe
0x00007ff9750f0000 - 0x00007ff975304000 	C:\WINDOWS\SYSTEM32\ntdll.dll
0x00007ff973e00000 - 0x00007ff973ec2000 	C:\WINDOWS\System32\KERNEL32.DLL
0x00007ff972720000 - 0x00007ff972abc000 	C:\WINDOWS\System32\KERNELBASE.dll
0x00007ff972b80000 - 0x00007ff972c91000 	C:\WINDOWS\System32\ucrtbase.dll
0x00007ff961110000 - 0x00007ff96112a000 	C:\Program Files\Java\jdk-17\bin\VCRUNTIME140.dll
0x00007ff961130000 - 0x00007ff961148000 	C:\Program Files\Java\jdk-17\bin\jli.dll
0x00007ff972fa0000 - 0x00007ff97304e000 	C:\WINDOWS\System32\ADVAPI32.dll
0x00007ff973280000 - 0x00007ff973327000 	C:\WINDOWS\System32\msvcrt.dll
0x00007ff9740c0000 - 0x00007ff974164000 	C:\WINDOWS\System32\sechost.dll
0x00007ff9743b0000 - 0x00007ff9744c5000 	C:\WINDOWS\System32\RPCRT4.dll
0x00007ff974f00000 - 0x00007ff9750ab000 	C:\WINDOWS\System32\USER32.dll
0x00007ff971800000 - 0x00007ff971a8e000 	C:\WINDOWS\WinSxS\amd64_microsoft.windows.common-controls_6595b64144ccf1df_6.0.22621.1_none_60e502bd9af5bef0\COMCTL32.dll
0x00007ff9726f0000 - 0x00007ff972716000 	C:\WINDOWS\System32\win32u.dll
0x00007ff974db0000 - 0x00007ff974dd9000 	C:\WINDOWS\System32\GDI32.dll
0x00007ff972530000 - 0x00007ff972642000 	C:\WINDOWS\System32\gdi32full.dll
0x00007ff972650000 - 0x00007ff9726ea000 	C:\WINDOWS\System32\msvcp_win.dll
0x00007ff968a50000 - 0x00007ff968a5a000 	C:\WINDOWS\SYSTEM32\VERSION.dll
0x00007ff974070000 - 0x00007ff9740a1000 	C:\WINDOWS\System32\IMM32.DLL
0x00007ff961100000 - 0x00007ff96110c000 	C:\Program Files\Java\jdk-17\bin\vcruntime140_1.dll
0x00007ff95d750000 - 0x00007ff95d7dd000 	C:\Program Files\Java\jdk-17\bin\msvcp140.dll
0x00007ff8defe0000 - 0x00007ff8dfb9e000 	C:\Program Files\Java\jdk-17\bin\server\jvm.dll
0x00007ff973df0000 - 0x00007ff973df8000 	C:\WINDOWS\System32\PSAPI.DLL
0x00007ff94def0000 - 0x00007ff94def9000 	C:\WINDOWS\SYSTEM32\WSOCK32.dll
0x00007ff96ad30000 - 0x00007ff96ad64000 	C:\WINDOWS\SYSTEM32\WINMM.dll
0x00007ff9737b0000 - 0x00007ff973821000 	C:\WINDOWS\System32\WS2_32.dll
0x00007ff970d00000 - 0x00007ff970d18000 	C:\WINDOWS\SYSTEM32\kernel.appcore.dll
0x00007ff95d810000 - 0x00007ff95d81a000 	C:\Program Files\Java\jdk-17\bin\jimage.dll
0x00007ff971dc0000 - 0x00007ff971fee000 	C:\WINDOWS\SYSTEM32\DBGHELP.DLL
0x00007ff9738f0000 - 0x00007ff973c79000 	C:\WINDOWS\System32\combase.dll
0x00007ff974170000 - 0x00007ff974247000 	C:\WINDOWS\System32\OLEAUT32.dll
0x00007ff971c60000 - 0x00007ff971c92000 	C:\WINDOWS\SYSTEM32\dbgcore.DLL
0x00007ff972ca0000 - 0x00007ff972d1b000 	C:\WINDOWS\System32\bcryptPrimitives.dll
0x00007ff8fbfb0000 - 0x00007ff8fbfd5000 	C:\Program Files\Java\jdk-17\bin\java.dll
0x00007ff8e1300000 - 0x00007ff8e13d6000 	C:\Program Files\Java\jdk-17\bin\svml.dll
0x00007ff9744d0000 - 0x00007ff974cab000 	C:\WINDOWS\System32\SHELL32.dll
0x00007ff96fb60000 - 0x00007ff970414000 	C:\WINDOWS\SYSTEM32\windows.storage.dll
0x00007ff96fa20000 - 0x00007ff96fb5d000 	C:\WINDOWS\SYSTEM32\wintypes.dll
0x00007ff9742b0000 - 0x00007ff9743a1000 	C:\WINDOWS\System32\SHCORE.dll
0x00007ff973d90000 - 0x00007ff973dee000 	C:\WINDOWS\System32\shlwapi.dll
0x00007ff972460000 - 0x00007ff972481000 	C:\WINDOWS\SYSTEM32\profapi.dll
0x00007ff8fc570000 - 0x00007ff8fc589000 	C:\Program Files\Java\jdk-17\bin\net.dll
0x00007ff96a0b0000 - 0x00007ff96a1df000 	C:\WINDOWS\SYSTEM32\WINHTTP.dll
0x00007ff971150000 - 0x00007ff9711b9000 	C:\WINDOWS\system32\mswsock.dll
0x00007ff8fb830000 - 0x00007ff8fb845000 	C:\Program Files\Java\jdk-17\bin\nio.dll
0x00007ff8e4f30000 - 0x00007ff8e4f48000 	C:\Program Files\Java\jdk-17\bin\zip.dll
0x00007ff919190000 - 0x00007ff9191a0000 	C:\Program Files\Java\jdk-17\bin\verify.dll

dbghelp: loaded successfully - version: 4.0.5 - missing functions: none
symbol engine: initialized successfully - sym options: 0x614 - pdb path: .;C:\Program Files\Java\jdk-17\bin;C:\WINDOWS\SYSTEM32;C:\WINDOWS\WinSxS\amd64_microsoft.windows.common-controls_6595b64144ccf1df_6.0.22621.1_none_60e502bd9af5bef0;C:\Program Files\Java\jdk-17\bin\server

VM Arguments:
jvm_args: -Dorg.gradle.internal.worker.tmpdir=D:\xmess\XMessMessagingService\build\tmp\test\work -Dorg.gradle.native=false --add-opens=java.base/java.util=ALL-UNNAMED --add-opens=java.base/java.lang=ALL-UNNAMED -Xmx512m -Dfile.encoding=windows-1251 -Duser.country=RU -Duser.language=ru -Duser.variant -ea 
java_command: worker.org.gradle.process.internal.worker.GradleWorkerMain 'Gradle Test Executor 28'
java_class_path (initial): C:\\Users\\nikit\\.gradle\\caches\\7.2\\workerMain\\gradle-worker.jar;D:\\xmess\\XMessMessagingService\\build\\classes\\java\\test;D:\\xmess\\XMessMessagingService\\build\\resources\\test;D:\\xmess\\XMessMessagingService\\build\\classes\\java\\main;D:\\xmess\\XMessMessagingService\\build\\resources\\main;C:\\Users\\nikit\\.gradle\\caches\\modules-2\\files-2.1\\org.springframework.boot\\spring-boot-starter-websocket\\2.7.1\\a41218a4034742ecadb0404cac58197c72c9ecdb\\spring-boot-starter-websocket-2.7.1.jar;C:\\Users\\nikit\\.gradle\\caches\\modules-2\\files-2.1\\org.springframework.boot\\spring-boot-starter-web\\2.7.1\\29f47f503f9955b1a9746870aeaebdba448416d\\spring-boot-starter-web-2.7.1.jar;C:\\Users\\nikit\\.gradle\\caches\\modules-2\\files-2.1\\org.springframework.boot\\spring-boot-starter-actuator\\2.7.1\\bad0b1a99da3bdd1a6f99073889114f05ed63e44\\spring-boot-starter-actuator-2.7.1.jar;C:\\Users\\nikit\\.gradle\\caches\\modules-2\\files-2.1\\org.springframework.boot\\spring-boot-starter-validation\\2.7.1\\8546b0ad5fa5ce6d37cff18a27386532540e2ab8\\spring-boot-starter-validation-2.7.1.jar;C:\\Users\\nikit\\.gradle\\caches\\modules-2\\files-2.1\\org.springframework.boot\\spring-boot-starter-security\\2.7.1\\43175965577a1ecc9569fc93f009479cb933fc1e\\spring-boot-starter-security-2.7.1.jar;C:\\Users\\nikit\\.gradle\\caches\\modules-2\\files-2.1\\org.springframework.cloud\\spring-cloud-starter-bootstrap\\3.1.3\\2f6d961e78ec63bf9e395a16293a189963e3a6f0\\spring-cloud-starter-bootstrap-3.1.3.jar;C:\\Users\\nikit\\.gradle\\caches\\modules-2\\files-2.1\\org.springframework.cloud\\spring-cloud-starter-config\\3.1.3\\6c6bbe007d6b950dce4aa7fd631a01f066dbccb\\spring-cloud-starter-config-3.1.3.jar;C:\\Users\\nikit\\.gradle\\caches\\modules-2\\files-2.1\\org.springframework.cloud\\spring-cloud-starter-netflix-eureka-client\\3.1.3\\dc553756f25fd8ac40e3990e21527c12a062f12d\\spring-cloud-starter-netflix-eureka-client-3.1.3.jar;C:\\Users\\nikit\\.gradle\\cac
Launcher Type: SUN_STANDARD

[Global flags]
     intx CICompilerCount                          = 4                                         {product} {ergonomic}
     uint ConcGCThreads                            = 2                                         {product} {ergonomic}
     uint G1ConcRefinementThreads                  = 8                                         {product} {ergonomic}
   size_t G1HeapRegionSize                         = 1048576                                   {product} {ergonomic}
    uintx GCDrainStackTargetSize                   = 64                                        {product} {ergonomic}
   size_t InitialHeapSize                          = 117440512                                 {product} {ergonomic}
   size_t MarkStackSize                            = 4194304                                   {product} {ergonomic}
   size_t MaxHeapSize                              = 536870912                                 {product} {command line}
   size_t MaxNewSize                               = 321912832                                 {product} {ergonomic}
   size_t MinHeapDeltaBytes                        = 1048576                                   {product} {ergonomic}
   size_t MinHeapSize                              = 8388608                                   {product} {ergonomic}
    uintx NonNMethodCodeHeapSize                   = 5839372                                {pd product} {ergonomic}
    uintx NonProfiledCodeHeapSize                  = 122909434                              {pd product} {ergonomic}
    uintx ProfiledCodeHeapSize                     = 122909434                              {pd product} {ergonomic}
    uintx ReservedCodeCacheSize                    = 251658240                              {pd product} {ergonomic}
     bool SegmentedCodeCache                       = true                                      {product} {ergonomic}
   size_t SoftMaxHeapSize                          = 536870912                              {manageable} {ergonomic}
     bool UseCompressedClassPointers               = true                           {product lp64_product} {ergonomic}
     bool UseCompressedOops                        = true                           {product lp64_product} {ergonomic}
     bool UseG1GC                                  = true                                      {product} {ergonomic}
     bool UseLargePagesIndividualAllocation        = false                                  {pd product} {ergonomic}

Logging:
Log output configuration:
 #0: stdout all=warning uptime,level,tags
 #1: stderr all=off uptime,level,tags

Environment Variables:
CLASSPATH=C:\Gradle\gradle-7.2\lib\gradle-launcher-7.2.jar
PATH=D:\Program Files\Python310\Scripts\;D:\Program Files\Python310\;C:\Program Files (x86)\NVIDIA Corporation\PhysX\Common;C:\Python310\Scripts\;C:\Python310\;C:\Program Files\Common Files\Oracle\Java\javapath;C:\Program Files (x86)\Common Files\Oracle\Java\javapath;C:\Program Files (x86)\Common Files\Intel\Shared Libraries\redist\intel64\compiler;C:\WINDOWS\system32;C:\WINDOWS;C:\WINDOWS\System32\Wbem;C:\WINDOWS\System32\WindowsPowerShell\v1.0\;C:\WINDOWS\System32\OpenSSH\;C:\Program Files\Common Files\Autodesk Shared\;C:\Program Files\Microsoft SQL Server\120\Tools\Binn\;C:\Program Files\Microsoft SQL Server\130\Tools\Binn\;C:\Program Files\Git\cmd;C:\Program Files\dotnet\;C:\Program Files\PuTTY\;C:\cygwin64\bin\;C:\Program Files\Microsoft SQL Server\150\Tools\Binn\;C:\Program Files\Microsoft SQL Server\Client SDK\ODBC\170\Tools\Binn\;C:\Gradle\gradle-7.2\bin;C:\Program Files\qemu;C:\apache-maven-3.8.3\bin;C:\Program Files\PostgreSQL\14\bin;C:\Program Files\MongoSh\bin;C:\ProgramData\chocolatey\bin;C:\Program Files\nodejs\;C:\WINDOWS\system32;C:\WINDOWS;C:\WINDOWS\System32\Wbem;C:\WINDOWS\System32\WindowsPowerShell\v1.0\;C:\WINDOWS\System32\OpenSSH\;C:\PEID;C:\Program Files\Microsoft SQL Server\Client SDK\ODBC\110\Tools\Binn\;C:\Program Files (x86)\Microsoft SQL Server\120\Tools\Binn\;C:\Program Files\Microsoft SQL Server\120\DTS\Binn\;C:\Program Files (x86)\Windows Kits\8.1\Windows Performance Toolkit\;C:\Users\nikit\.cargo\bin;C:\Users\nikit\AppData\Local\Microsoft\WindowsApps;C:\Program Files\JetBrains\IntelliJ IDEA 2020.2.1\bin;D:\PyCharm\PyCharm Community Edition 2020.3.1\bin;C:\Program Files\JetBrains\WebStorm 2020.3.1\bin;C:\Users\nikit\AppData\Local\GitHubDesktop\bin;C:\Program Files\JetBrains\CLion 2020.3.1\bin;C:\Program Files\JetBrains\JetBrains Rider 2020.3.2\bin;D:\Program Files\JetBrains\WebStorm 2022.1.1\bin;;D:\Program Files\JetBrains\PyCharm 2020.3.3\bin;;D:\Program Files\JetBrains\IntelliJ IDEA 2022.1\bin;;C:\Program Files\JetBrains\CLion 2021.2.2\
USERNAME=nikit
OS=Windows_NT
PROCESSOR_IDENTIFIER=AMD64 Family 23 Model 24 Stepping 1, AuthenticAMD



---------------  S Y S T E M  ---------------

OS:
 Windows 10 , 64 bit Build 22621 (10.0.22621.1)
OS uptime: 7 days 8:34 hours

CPU: total 8 (initial active 8) (8 cores per cpu, 2 threads per core) family 23 model 24 stepping 1 microcode 0x0, cx8, cmov, fxsr, ht, mmx, 3dnowpref, sse, sse2, sse3, ssse3, sse4a, sse4.1, sse4.2, popcnt, lzcnt, tsc, tscinvbit, avx, avx2, aes, clmul, bmi1, bmi2, adx, sha, fma, vzeroupper, clflush, clflushopt

Memory: 4k page, system-wide physical 7103M (267M free)
TotalPageFile size 17343M (AvailPageFile size 0M)
current process WorkingSet (physical memory assigned to process): 51M, peak: 51M
current process commit charge ("private bytes"): 197M, peak: 197M

vm_info: Java HotSpot(TM) 64-Bit Server VM (17+35-LTS-2724) for windows-amd64 JRE (17+35-LTS-2724), built on Aug  5 2021 23:28:28 by "mach5one" with MS VC++ 16.8 (VS2019)

END.
